<?xml version="1.0" encoding="UTF-8"?>
<!-- Generated by org.testng.reporters.JUnitReportReporter -->
<testsuite hostname="DESKTOP-1MDKN0N" failures="0" tests="3" name="org.task.ProductSearch1" time="62.023" errors="0" timestamp="2023-09-10T22:25:06 IST" skipped="0">
  <testcase classname="org.task.ProductSearch1" name="Search" time="25.908"/>
  <testcase classname="org.task.ProductSearch1" name="ClickBtn" time="35.441"/>
  <testcase classname="org.task.ProductSearch1" name="ClickCart" time="0.674"/>
</testsuite> <!-- org.task.ProductSearch1 -->
